
Showing logs for build [32mcb-kubecd-bdd-gh-1583809095-pr-d2cbz-1[0m stage [32mfrom-build-pack[0m and container [32mstep-credential-initializer-d947p[0m
{"level":"warn","ts":1583810969.4275043,"logger":"fallback-logger","caller":"logging/config.go:69","msg":"Fetch GitHub commit ID from kodata failed: \"ref: refs/heads/0.8.0-**-support-backwards-incompats\" is not a valid GitHub commit ID"}
{"level":"info","ts":1583810969.428025,"logger":"fallback-logger","caller":"creds-init/main.go:40","msg":"Credentials initialized."}

Showing logs for build [32mcb-kubecd-bdd-gh-1583809095-pr-d2cbz-1[0m stage [32mfrom-build-pack[0m and container [32mstep-working-dir-initializer-f8b7m[0m
{"level":"warn","ts":1583810970.9561603,"logger":"fallback-logger","caller":"logging/config.go:69","msg":"Fetch GitHub commit ID from kodata failed: open /var/run/ko/HEAD: no such file or directory"}
{"level":"info","ts":1583810970.96182,"logger":"fallback-logger","caller":"bash/main.go:64","msg":"Successfully executed command \"sh -c mkdir -p /workspace/source\"; output "}

Showing logs for build [32mcb-kubecd-bdd-gh-1583809095-pr-d2cbz-1[0m stage [32mfrom-build-pack[0m and container [32mstep-place-tools[0m

Showing logs for build [32mcb-kubecd-bdd-gh-1583809095-pr-d2cbz-1[0m stage [32mfrom-build-pack[0m and container [32mstep-git-source-cb-kubecd-bdd-gh-1583809095-pr-d2cbz-r7xq9[0m
{"level":"warn","ts":1583810976.9986615,"logger":"fallback-logger","caller":"logging/config.go:69","msg":"Fetch GitHub commit ID from kodata failed: \"ref: refs/heads/0.8.0-**-support-backwards-incompats\" is not a valid GitHub commit ID"}
{"level":"info","ts":1583810978.0436876,"logger":"fallback-logger","caller":"git/git.go:103","msg":"Successfully cloned https://github.com/cb-kubecd/bdd-gh-1583809095.git @ master in path /workspace/source"}

Showing logs for build [32mcb-kubecd-bdd-gh-1583809095-pr-d2cbz-1[0m stage [32mfrom-build-pack[0m and container [32mstep-git-merge[0m
Using SHAs from PULL_REFS=master:4ca6ee9f7c2165f4d24babca2f2ac5cae7762fd2,1:7989f4143a9d9b5f332035d6cb9d4f04ab43d861
DEBUG: LC_ALL=C JX_LOG_LEVEL=error git fetch origin --unshallow 7989f4143a9d9b5f332035d6cb9d4f04ab43d861: 4ca6ee9f7c2165f4d24babca2f2ac5cae7762fd2:
DEBUG: ran git fetch --unshallow origin 7989f4143a9d9b5f332035d6cb9d4f04ab43d861: 4ca6ee9f7c2165f4d24babca2f2ac5cae7762fd2: in 
DEBUG: LC_ALL=C JX_LOG_LEVEL=error git branch
DEBUG: LC_ALL=C JX_LOG_LEVEL=error git checkout master
DEBUG: ran git checkout master in 
DEBUG: LC_ALL=C JX_LOG_LEVEL=error git reset --hard 4ca6ee9f7c2165f4d24babca2f2ac5cae7762fd2
DEBUG: ran git reset --hard 4ca6ee9f7c2165f4d24babca2f2ac5cae7762fd2 in 
DEBUG: LC_ALL=C JX_LOG_LEVEL=error git clean -fd .
DEBUG: ran clean --force -d . in 
DEBUG: LC_ALL=C JX_LOG_LEVEL=error git merge 7989f4143a9d9b5f332035d6cb9d4f04ab43d861
DEBUG: ran git merge 7989f4143a9d9b5f332035d6cb9d4f04ab43d861 in 
DEBUG: LC_ALL=C JX_LOG_LEVEL=error git log --format=%H%x1f%an%x1f%ae%x1f%cn%x1f%ce%x1f%s%n%b%x1e 4ca6ee9f7c2165f4d24babca2f2ac5cae7762fd2..HEAD
Merged SHA 7989f4143a9d9b5f332035d6cb9d4f04ab43d861 with commit message 'My first PR commit' into base branch master

Showing logs for build [32mcb-kubecd-bdd-gh-1583809095-pr-d2cbz-1[0m stage [32mfrom-build-pack[0m and container [32mstep-build-make-linux[0m
CGO_ENABLED=0 GOOS=linux GOARCH=amd64 GO15VENDOREXPERIMENT=1 go build -ldflags '' -o bin/bdd-gh-1583809095 main.go

Showing logs for build [32mcb-kubecd-bdd-gh-1583809095-pr-d2cbz-1[0m stage [32mfrom-build-pack[0m and container [32mstep-build-container-build[0m
[36mINFO[0m[0000] No base image, nothing to extract            
[36mINFO[0m[0000] cmd: EXPOSE                                  
[36mINFO[0m[0000] Adding exposed port: 8080/tcp                
[36mINFO[0m[0000] Using files from context: [/workspace/source/bin] 
[36mINFO[0m[0000] Skipping unpacking as no commands require it. 
[36mINFO[0m[0000] Taking snapshot of full filesystem...        
[36mINFO[0m[0000] EXPOSE 8080                                  
[36mINFO[0m[0000] cmd: EXPOSE                                  
[36mINFO[0m[0000] Adding exposed port: 8080/tcp                
[36mINFO[0m[0000] No files changed in this command, skipping snapshotting. 
[36mINFO[0m[0000] ENTRYPOINT ["/bdd-gh-1583809095"]            
[36mINFO[0m[0000] No files changed in this command, skipping snapshotting. 
[36mINFO[0m[0000] Using files from context: [/workspace/source/bin] 
[36mINFO[0m[0000] COPY ./bin/ /                                
[36mINFO[0m[0000] Taking snapshot of files...                  
2020/03/10 03:29:55 pushed blob: sha256:a60f3326b34730f9e59d5fd18a0e45badfe241e6676fa8f6cbf6b5c5f0eb9625
2020/03/10 03:29:55 pushed blob: sha256:cc951edcd3c4537539e95c93e94ebf17409b41150b68e749c3555f9a7ed6dec8
2020/03/10 03:29:57 gcr.io/jenkins-x-bdd3/bdd-gh-1583809095:0.0.0-SNAPSHOT-PR-1-1: digest: sha256:06346dba887bcfb7b085c74a702a4969b60cb138e05a33862eb0aeac2274d677 size: 428

Showing logs for build [32mcb-kubecd-bdd-gh-1583809095-pr-d2cbz-1[0m stage [32mfrom-build-pack[0m and container [32mstep-postbuild-post-build[0m
no CVE provider running in the current ** namespace so skip adding image to be analysed

Showing logs for build [32mcb-kubecd-bdd-gh-1583809095-pr-d2cbz-1[0m stage [32mfrom-build-pack[0m and container [32mstep-promote-make-preview[0m
sed -i -e "s/version:.*/version: 0.0.0-SNAPSHOT-PR-1-1/" Chart.yaml
sed -i -e "s/version:.*/version: 0.0.0-SNAPSHOT-PR-1-1/" ../*/Chart.yaml
sed -i -e "s|repository:.*|repository: gcr.io\/jenkins-x-bdd3\/bdd-gh-1583809095|" values.yaml
sed -i -e "s/tag:.*/tag: 0.0.0-SNAPSHOT-PR-1-1/" values.yaml
echo "  version: 0.0.0-SNAPSHOT-PR-1-1" >> requirements.yaml
** step helm build
WARNING: No $CHART_REPOSITORY defined so using the default value of: http://jenkins-x-chartmuseum:8080
Adding missing Helm repo: storage.googleapis.com https://storage.googleapis.com/chartmuseum.jenkins-x.io
WARNING: No secrets found on "helm/repos" due: reading the secret "helm/repos" from vault: no secret "helm/repos" not found in vault
Read credentials for https://storage.googleapis.com/chartmuseum.jenkins-x.io from vault helm/repos
Successfully added Helm repository storage.googleapis.com.
Adding missing Helm repo: jenkins-x-chartmuseum http://jenkins-x-chartmuseum:8080
WARNING: No secrets found on "helm/repos" due: reading the secret "helm/repos" from vault: no secret "helm/repos" not found in vault
Read credentials for http://jenkins-x-chartmuseum:8080 from vault helm/repos
Successfully added Helm repository jenkins-x-chartmuseum.
WARNING: No $CHART_REPOSITORY defined so using the default value of: http://jenkins-x-chartmuseum:8080
Adding missing Helm repo: chartmuseum.jenkins-x.io http://chartmuseum.jenkins-x.io
WARNING: No secrets found on "helm/repos" due: reading the secret "helm/repos" from vault: no secret "helm/repos" not found in vault
Read credentials for http://chartmuseum.jenkins-x.io from vault helm/repos
Successfully added Helm repository chartmuseum.jenkins-x.io.

Showing logs for build [32mcb-kubecd-bdd-gh-1583809095-pr-d2cbz-1[0m stage [32mfrom-build-pack[0m and container [32mstep-promote-jx-preview[0m
Creating a preview
Created environment cb-kubecd-bdd-gh-1583809095-pr-1
Namespace **-cb-kubecd-bdd-gh-1583809095-pr-1 created 
expose:
  Annotations:
    helm.sh/hook: post-install,post-upgrade
    helm.sh/hook-delete-policy: hook-succeeded
  config:
    domain: c**d6.bdd.jenkins-x.rocks
    exposer: Ingress
    http: "true"
preview:
  image:
    repository: gcr.io/jenkins-x-bdd3/bdd-gh-1583809095
    tag: 0.0.0-SNAPSHOT-PR-1-1

Updating PipelineActivities cb-kubecd-bdd-gh-1583809095-pr-1-1 which has status Running
WARNING: preview application http://bdd-gh-1583809095.**-cb-kubecd-bdd-gh-1583809095-pr-1.c**d6.bdd.jenkins-x.rocks not available, error was Get http://bdd-gh-1583809095.**-cb-kubecd-bdd-gh-1583809095-pr-1.c**d6.bdd.jenkins-x.rocks: dial tcp: lookup bdd-gh-1583809095.**-cb-kubecd-bdd-gh-1583809095-pr-1.c**d6.bdd.jenkins-x.rocks on 10.7.240.10:53: no such host, delaying for: 1.283034974s
WARNING: preview application http://bdd-gh-1583809095.**-cb-kubecd-bdd-gh-1583809095-pr-1.c**d6.bdd.jenkins-x.rocks not available, error was Get http://bdd-gh-1583809095.**-cb-kubecd-bdd-gh-1583809095-pr-1.c**d6.bdd.jenkins-x.rocks: dial tcp: lookup bdd-gh-1583809095.**-cb-kubecd-bdd-gh-1583809095-pr-1.c**d6.bdd.jenkins-x.rocks on 10.7.240.10:53: no such host, delaying for: 956.706092ms
WARNING: preview application http://bdd-gh-1583809095.**-cb-kubecd-bdd-gh-1583809095-pr-1.c**d6.bdd.jenkins-x.rocks not available, error was Get http://bdd-gh-1583809095.**-cb-kubecd-bdd-gh-1583809095-pr-1.c**d6.bdd.jenkins-x.rocks: dial tcp: lookup bdd-gh-1583809095.**-cb-kubecd-bdd-gh-1583809095-pr-1.c**d6.bdd.jenkins-x.rocks on 10.7.240.10:53: no such host, delaying for: 1.345569468s
WARNING: preview application http://bdd-gh-1583809095.**-cb-kubecd-bdd-gh-1583809095-pr-1.c**d6.bdd.jenkins-x.rocks not available, error was Get http://bdd-gh-1583809095.**-cb-kubecd-bdd-gh-1583809095-pr-1.c**d6.bdd.jenkins-x.rocks: dial tcp: lookup bdd-gh-1583809095.**-cb-kubecd-bdd-gh-1583809095-pr-1.c**d6.bdd.jenkins-x.rocks on 10.7.240.10:53: no such host, delaying for: 4.050971572s
WARNING: preview application http://bdd-gh-1583809095.**-cb-kubecd-bdd-gh-1583809095-pr-1.c**d6.bdd.jenkins-x.rocks not available, error was Get http://bdd-gh-1583809095.**-cb-kubecd-bdd-gh-1583809095-pr-1.c**d6.bdd.jenkins-x.rocks: dial tcp: lookup bdd-gh-1583809095.**-cb-kubecd-bdd-gh-1583809095-pr-1.c**d6.bdd.jenkins-x.rocks on 10.7.240.10:53: no such host, delaying for: 2.640264778s
WARNING: preview application http://bdd-gh-1583809095.**-cb-kubecd-bdd-gh-1583809095-pr-1.c**d6.bdd.jenkins-x.rocks not available, error was Get http://bdd-gh-1583809095.**-cb-kubecd-bdd-gh-1583809095-pr-1.c**d6.bdd.jenkins-x.rocks: dial tcp: lookup bdd-gh-1583809095.**-cb-kubecd-bdd-gh-1583809095-pr-1.c**d6.bdd.jenkins-x.rocks on 10.7.240.10:53: no such host, delaying for: 7.589083593s
WARNING: preview application http://bdd-gh-1583809095.**-cb-kubecd-bdd-gh-1583809095-pr-1.c**d6.bdd.jenkins-x.rocks not available, error was Get http://bdd-gh-1583809095.**-cb-kubecd-bdd-gh-1583809095-pr-1.c**d6.bdd.jenkins-x.rocks: dial tcp: lookup bdd-gh-1583809095.**-cb-kubecd-bdd-gh-1583809095-pr-1.c**d6.bdd.jenkins-x.rocks on 10.7.240.10:53: no such host, delaying for: 6.520544564s
WARNING: preview application http://bdd-gh-1583809095.**-cb-kubecd-bdd-gh-1583809095-pr-1.c**d6.bdd.jenkins-x.rocks not available, error was Get http://bdd-gh-1583809095.**-cb-kubecd-bdd-gh-1583809095-pr-1.c**d6.bdd.jenkins-x.rocks: dial tcp: lookup bdd-gh-1583809095.**-cb-kubecd-bdd-gh-1583809095-pr-1.c**d6.bdd.jenkins-x.rocks on 10.7.240.10:53: no such host, delaying for: 10.199180659s
WARNING: preview application http://bdd-gh-1583809095.**-cb-kubecd-bdd-gh-1583809095-pr-1.c**d6.bdd.jenkins-x.rocks not available, error was Get http://bdd-gh-1583809095.**-cb-kubecd-bdd-gh-1583809095-pr-1.c**d6.bdd.jenkins-x.rocks: dial tcp: lookup bdd-gh-1583809095.**-cb-kubecd-bdd-gh-1583809095-pr-1.c**d6.bdd.jenkins-x.rocks on 10.7.240.10:53: no such host, delaying for: 37.600023335s
WARNING: preview application http://bdd-gh-1583809095.**-cb-kubecd-bdd-gh-1583809095-pr-1.c**d6.bdd.jenkins-x.rocks not available, error was Get http://bdd-gh-1583809095.**-cb-kubecd-bdd-gh-1583809095-pr-1.c**d6.bdd.jenkins-x.rocks: dial tcp: lookup bdd-gh-1583809095.**-cb-kubecd-bdd-gh-1583809095-pr-1.c**d6.bdd.jenkins-x.rocks on 10.7.240.10:53: no such host, delaying for: 35.856053632s
WARNING: preview application http://bdd-gh-1583809095.**-cb-kubecd-bdd-gh-1583809095-pr-1.c**d6.bdd.jenkins-x.rocks not available, error was Get http://bdd-gh-1583809095.**-cb-kubecd-bdd-gh-1583809095-pr-1.c**d6.bdd.jenkins-x.rocks: dial tcp: lookup bdd-gh-1583809095.**-cb-kubecd-bdd-gh-1583809095-pr-1.c**d6.bdd.jenkins-x.rocks on 10.7.240.10:53: no such host, delaying for: 29.275456602s
WARNING: preview application http://bdd-gh-1583809095.**-cb-kubecd-bdd-gh-1583809095-pr-1.c**d6.bdd.jenkins-x.rocks not available, error was Get http://bdd-gh-1583809095.**-cb-kubecd-bdd-gh-1583809095-pr-1.c**d6.bdd.jenkins-x.rocks: dial tcp: lookup bdd-gh-1583809095.**-cb-kubecd-bdd-gh-1583809095-pr-1.c**d6.bdd.jenkins-x.rocks on 10.7.240.10:53: no such host, delaying for: 1m4.701075416s
WARNING: preview application http://bdd-gh-1583809095.**-cb-kubecd-bdd-gh-1583809095-pr-1.c**d6.bdd.jenkins-x.rocks not available, error was Get http://bdd-gh-1583809095.**-cb-kubecd-bdd-gh-1583809095-pr-1.c**d6.bdd.jenkins-x.rocks: dial tcp: lookup bdd-gh-1583809095.**-cb-kubecd-bdd-gh-1583809095-pr-1.c**d6.bdd.jenkins-x.rocks on 10.7.240.10:53: no such host, delaying for: 1m27.788364073s
WARNING: preview application http://bdd-gh-1583809095.**-cb-kubecd-bdd-gh-1583809095-pr-1.c**d6.bdd.jenkins-x.rocks not available, error was Get http://bdd-gh-1583809095.**-cb-kubecd-bdd-gh-1583809095-pr-1.c**d6.bdd.jenkins-x.rocks: dial tcp: lookup bdd-gh-1583809095.**-cb-kubecd-bdd-gh-1583809095-pr-1.c**d6.bdd.jenkins-x.rocks on 10.7.240.10:53: no such host, delaying for: 1m12.644634709s
Preview application is now available at: http://bdd-gh-1583809095.**-cb-kubecd-bdd-gh-1583809095-pr-1.c**d6.bdd.jenkins-x.rocks
